#
# There is insufficient memory for the Java Runtime Environment to continue.
# Native memory allocation (malloc) failed to allocate 962816 bytes for Chunk::new
# Possible reasons:
#   The system is out of physical RAM or swap space
#   In 32 bit mode, the process size limit was hit
# Possible solutions:
#   Reduce memory load on the system
#   Increase physical memory or swap space
#   Check if swap backing store is full
#   Use 64 bit Java on a 64 bit OS
#   Decrease Java heap size (-Xmx/-Xms)
#   Decrease number of Java threads
#   Decrease Java thread stack sizes (-Xss)
#   Set larger code cache with -XX:ReservedCodeCacheSize=
# This output file may be truncated or incomplete.
#
#  Out of Memory Error (allocation.cpp:390), pid=29264, tid=0x0000000000006514
#
# JRE version: Java(TM) SE Runtime Environment (8.0_181-b13) (build 1.8.0_181-b13)
# Java VM: Java HotSpot(TM) 64-Bit Server VM (25.181-b13 mixed mode windows-amd64 compressed oops)
# Failed to write core dump. Minidumps are not enabled by default on client versions of Windows
#

---------------  T H R E A D  ---------------

Current thread (0x0000000017529800):  JavaThread "C2 CompilerThread0" daemon [_thread_in_native, id=25876, stack(0x0000000018b60000,0x0000000018c60000)]

Stack: [0x0000000018b60000,0x0000000018c60000]
[error occurred during error reporting (printing stack bounds), id 0xc0000005]

Native frames: (J=compiled Java code, j=interpreted, Vv=VM code, C=native code)


Current CompileTask:
C2:  16717 3295       4       groovy.lang.MetaClassImpl$1MOPIter::methodNameAction (479 bytes)


---------------  P R O C E S S  ---------------

Java Threads: ( => current thread )
  0x000000001ba3c000 JavaThread "Okio Watchdog" daemon [_thread_blocked, id=26476, stack(0x000000001ed40000,0x000000001ee40000)]
  0x000000001b8c5000 JavaThread "OkHttp ConnectionPool" daemon [_thread_blocked, id=27216, stack(0x000000001ec40000,0x000000001ed40000)]
  0x000000001b9c5000 JavaThread "Exec Stream Pumper" daemon [_thread_in_native, id=10320, stack(0x000000001e440000,0x000000001e540000)]
  0x000000001b03f000 JavaThread "Exec Stream Pumper" daemon [_thread_in_native, id=25388, stack(0x000000001e340000,0x000000001e440000)]
  0x000000001b9c3800 JavaThread "UrlChecker-2" daemon [_thread_blocked, id=20356, stack(0x000000001d830000,0x000000001d930000)]
  0x000000001b03d000 JavaThread "Exec Default Executor" daemon [_thread_in_native, id=24940, stack(0x000000001be00000,0x000000001bf00000)]
  0x0000000018e91000 JavaThread "Service Thread" daemon [_thread_blocked, id=26704, stack(0x0000000019260000,0x0000000019360000)]
  0x0000000017533800 JavaThread "C1 CompilerThread2" daemon [_thread_blocked, id=21456, stack(0x0000000018d60000,0x0000000018e60000)]
  0x0000000017530000 JavaThread "C2 CompilerThread1" daemon [_thread_blocked, id=29596, stack(0x0000000018c60000,0x0000000018d60000)]
=>0x0000000017529800 JavaThread "C2 CompilerThread0" daemon [_thread_in_native, id=25876, stack(0x0000000018b60000,0x0000000018c60000)]
  0x0000000017528000 JavaThread "Attach Listener" daemon [_thread_blocked, id=25012, stack(0x0000000018a60000,0x0000000018b60000)]
  0x0000000017524800 JavaThread "Signal Dispatcher" daemon [_thread_blocked, id=10124, stack(0x0000000018960000,0x0000000018a60000)]
  0x0000000017506800 JavaThread "Finalizer" daemon [_thread_blocked, id=19568, stack(0x0000000018760000,0x0000000018860000)]
  0x00000000174fd000 JavaThread "Reference Handler" daemon [_thread_blocked, id=26940, stack(0x0000000018660000,0x0000000018760000)]
  0x0000000002801000 JavaThread "Forwarding sendKeysToElement on session 37156a6b1ab71ce6fd1788c35647cc34 to remote" [_thread_in_native, id=22400, stack(0x00000000026f0000,0x00000000027f0000)]

Other Threads:
  0x00000000028ee800 VMThread [stack: 0x0000000018560000,0x0000000018660000] [id=11216]
  0x000000001756e000 WatcherThread [stack: 0x0000000019360000,0x0000000019460000] [id=25476]

VM state:not at safepoint (normal execution)

VM Mutex/Monitor currently owned by a thread: None

Heap:
 PSYoungGen      total 241152K, used 95356K [0x00000000d5580000, 0x00000000e6d80000, 0x0000000100000000)
  eden space 230912K, 36% used [0x00000000d5580000,0x00000000da8a1668,0x00000000e3700000)
  from space 10240K, 99% used [0x00000000e6380000,0x00000000e6d7da48,0x00000000e6d80000)
  to   space 13312K, 0% used [0x00000000e5380000,0x00000000e5380000,0x00000000e6080000)
 ParOldGen       total 59392K, used 16681K [0x0000000080000000, 0x0000000083a00000, 0x00000000d5580000)
  object space 59392K, 28% used [0x0000000080000000,0x000000008104a5f0,0x0000000083a00000)
 Metaspace       used 29352K, capacity 30298K, committed 30464K, reserved 1075200K
  class space    used 3580K, capacity 3801K, committed 3840K, reserved 1048576K

Card table byte_map: [0x0000000011cb0000,0x00000000120c0000] byte_map_base: 0x00000000118b0000

Marking Bits: (ParMarkBitMap*) 0x0000000056072d00
 Begin Bits: [0x0000000012770000, 0x0000000014770000)
 End Bits:   [0x0000000014770000, 0x0000000016770000)

Polling page: 0x0000000000760000

CodeCache: size=245760Kb used=12775Kb max_used=12787Kb free=232984Kb
 bounds [0x00000000028f0000, 0x0000000003580000, 0x00000000118f0000]
 total_blobs=4013 nmethods=3333 adapters=591
 compilation: enabled

Compilation events (10 events):
Event: 16.647 Thread 0x0000000017530000 3334       4       java.lang.invoke.LambdaForm$DMH/1661406123::invokeStatic_L_L (14 bytes)
Event: 16.648 Thread 0x0000000017530000 nmethod 3334 0x0000000003571f50 code [0x00000000035720a0, 0x0000000003572148]
Event: 16.652 Thread 0x0000000017530000 3335       4       java.lang.reflect.AccessibleObject::setAccessible0 (42 bytes)
Event: 16.652 Thread 0x0000000017533800 3337       3       java.lang.invoke.MethodHandle::asType (28 bytes)
Event: 16.653 Thread 0x0000000017533800 nmethod 3337 0x0000000003571950 code [0x0000000003571ac0, 0x0000000003571e48]
Event: 16.653 Thread 0x0000000017533800 3338       3       java.lang.invoke.MethodHandle::asTypeCached (21 bytes)
Event: 16.653 Thread 0x0000000017533800 nmethod 3338 0x0000000003571550 code [0x00000000035716c0, 0x00000000035718b0]
Event: 16.653 Thread 0x0000000017530000 nmethod 3335 0x000000000356fc90 code [0x000000000356fde0, 0x000000000356ff08]
Event: 16.653 Thread 0x0000000017530000 3336       4       jdk.internal.org.objectweb.asm.ByteVector::put12 (64 bytes)
Event: 16.656 Thread 0x0000000017530000 nmethod 3336 0x000000000356f690 code [0x000000000356f7e0, 0x000000000356fad8]

GC Heap History (10 events):
Event: 2.684 GC heap before
{Heap before GC invocations=5 (full 0):
 PSYoungGen      total 71680K, used 71677K [0x00000000d5580000, 0x00000000da080000, 0x0000000100000000)
  eden space 66560K, 100% used [0x00000000d5580000,0x00000000d9680000,0x00000000d9680000)
  from space 5120K, 99% used [0x00000000d9b80000,0x00000000da07f700,0x00000000da080000)
  to   space 5120K, 0% used [0x00000000d9680000,0x00000000d9680000,0x00000000d9b80000)
 ParOldGen       total 87552K, used 3557K [0x0000000080000000, 0x0000000085580000, 0x00000000d5580000)
  object space 87552K, 4% used [0x0000000080000000,0x00000000803796f8,0x0000000085580000)
 Metaspace       used 20284K, capacity 20510K, committed 20864K, reserved 1067008K
  class space    used 2274K, capacity 2364K, committed 2432K, reserved 1048576K
Event: 2.695 GC heap after
Heap after GC invocations=5 (full 0):
 PSYoungGen      total 71680K, used 5118K [0x00000000d5580000, 0x00000000dec80000, 0x0000000100000000)
  eden space 66560K, 0% used [0x00000000d5580000,0x00000000d5580000,0x00000000d9680000)
  from space 5120K, 99% used [0x00000000d9680000,0x00000000d9b7f848,0x00000000d9b80000)
  to   space 10752K, 0% used [0x00000000de200000,0x00000000de200000,0x00000000dec80000)
 ParOldGen       total 87552K, used 8766K [0x0000000080000000, 0x0000000085580000, 0x00000000d5580000)
  object space 87552K, 10% used [0x0000000080000000,0x000000008088f9c8,0x0000000085580000)
 Metaspace       used 20284K, capacity 20510K, committed 20864K, reserved 1067008K
  class space    used 2274K, capacity 2364K, committed 2432K, reserved 1048576K
}
Event: 3.070 GC heap before
{Heap before GC invocations=6 (full 0):
 PSYoungGen      total 71680K, used 71678K [0x00000000d5580000, 0x00000000dec80000, 0x0000000100000000)
  eden space 66560K, 100% used [0x00000000d5580000,0x00000000d9680000,0x00000000d9680000)
  from space 5120K, 99% used [0x00000000d9680000,0x00000000d9b7f848,0x00000000d9b80000)
  to   space 10752K, 0% used [0x00000000de200000,0x00000000de200000,0x00000000dec80000)
 ParOldGen       total 87552K, used 8766K [0x0000000080000000, 0x0000000085580000, 0x00000000d5580000)
  object space 87552K, 10% used [0x0000000080000000,0x000000008088f9c8,0x0000000085580000)
 Metaspace       used 20701K, capacity 20990K, committed 21296K, reserved 1069056K
  class space    used 2304K, capacity 2396K, committed 2432K, reserved 1048576K
Event: 3.078 GC heap after
Heap after GC invocations=6 (full 0):
 PSYoungGen      total 143872K, used 7599K [0x00000000d5580000, 0x00000000dec80000, 0x0000000100000000)
  eden space 133120K, 0% used [0x00000000d5580000,0x00000000d5580000,0x00000000dd780000)
  from space 10752K, 70% used [0x00000000de200000,0x00000000de96bf90,0x00000000dec80000)
  to   space 10752K, 0% used [0x00000000dd780000,0x00000000dd780000,0x00000000de200000)
 ParOldGen       total 87552K, used 8774K [0x0000000080000000, 0x0000000085580000, 0x00000000d5580000)
  object space 87552K, 10% used [0x0000000080000000,0x00000000808919c8,0x0000000085580000)
 Metaspace       used 20701K, capacity 20990K, committed 21296K, reserved 1069056K
  class space    used 2304K, capacity 2396K, committed 2432K, reserved 1048576K
}
Event: 3.111 GC heap before
{Heap before GC invocations=7 (full 0):
 PSYoungGen      total 143872K, used 13020K [0x00000000d5580000, 0x00000000dec80000, 0x0000000100000000)
  eden space 133120K, 4% used [0x00000000d5580000,0x00000000d5acb070,0x00000000dd780000)
  from space 10752K, 70% used [0x00000000de200000,0x00000000de96bf90,0x00000000dec80000)
  to   space 10752K, 0% used [0x00000000dd780000,0x00000000dd780000,0x00000000de200000)
 ParOldGen       total 87552K, used 8774K [0x0000000080000000, 0x0000000085580000, 0x00000000d5580000)
  object space 87552K, 10% used [0x0000000080000000,0x00000000808919c8,0x0000000085580000)
 Metaspace       used 20806K, capacity 21060K, committed 21296K, reserved 1069056K
  class space    used 2312K, capacity 2398K, committed 2432K, reserved 1048576K
Event: 3.120 GC heap after
Heap after GC invocations=7 (full 0):
 PSYoungGen      total 143872K, used 5968K [0x00000000d5580000, 0x00000000e6d80000, 0x0000000100000000)
  eden space 133120K, 0% used [0x00000000d5580000,0x00000000d5580000,0x00000000dd780000)
  from space 10752K, 55% used [0x00000000dd780000,0x00000000ddd54010,0x00000000de200000)
  to   space 10240K, 0% used [0x00000000e6380000,0x00000000e6380000,0x00000000e6d80000)
 ParOldGen       total 87552K, used 11156K [0x0000000080000000, 0x0000000085580000, 0x00000000d5580000)
  object space 87552K, 12% used [0x0000000080000000,0x0000000080ae5170,0x0000000085580000)
 Metaspace       used 20806K, capacity 21060K, committed 21296K, reserved 1069056K
  class space    used 2312K, capacity 2398K, committed 2432K, reserved 1048576K
}
Event: 3.120 GC heap before
{Heap before GC invocations=8 (full 1):
 PSYoungGen      total 143872K, used 5968K [0x00000000d5580000, 0x00000000e6d80000, 0x0000000100000000)
  eden space 133120K, 0% used [0x00000000d5580000,0x00000000d5580000,0x00000000dd780000)
  from space 10752K, 55% used [0x00000000dd780000,0x00000000ddd54010,0x00000000de200000)
  to   space 10240K, 0% used [0x00000000e6380000,0x00000000e6380000,0x00000000e6d80000)
 ParOldGen       total 87552K, used 11156K [0x0000000080000000, 0x0000000085580000, 0x00000000d5580000)
  object space 87552K, 12% used [0x0000000080000000,0x0000000080ae5170,0x0000000085580000)
 Metaspace       used 20806K, capacity 21060K, committed 21296K, reserved 1069056K
  class space    used 2312K, capacity 2398K, committed 2432K, reserved 1048576K
Event: 3.175 GC heap after
Heap after GC invocations=8 (full 1):
 PSYoungGen      total 143872K, used 0K [0x00000000d5580000, 0x00000000e6d80000, 0x0000000100000000)
  eden space 133120K, 0% used [0x00000000d5580000,0x00000000d5580000,0x00000000dd780000)
  from space 10752K, 0% used [0x00000000dd780000,0x00000000dd780000,0x00000000de200000)
  to   space 10240K, 0% used [0x00000000e6380000,0x00000000e6380000,0x00000000e6d80000)
 ParOldGen       total 59392K, used 12944K [0x0000000080000000, 0x0000000083a00000, 0x00000000d5580000)
  object space 59392K, 21% used [0x0000000080000000,0x0000000080ca4108,0x0000000083a00000)
 Metaspace       used 20806K, capacity 21060K, committed 21296K, reserved 1069056K
  class space    used 2312K, capacity 2398K, committed 2432K, reserved 1048576K
}
Event: 13.771 GC heap before
{Heap before GC invocations=9 (full 1):
 PSYoungGen      total 143872K, used 133093K [0x00000000d5580000, 0x00000000e6d80000, 0x0000000100000000)
  eden space 133120K, 99% used [0x00000000d5580000,0x00000000dd779538,0x00000000dd780000)
  from space 10752K, 0% used [0x00000000dd780000,0x00000000dd780000,0x00000000de200000)
  to   space 10240K, 0% used [0x00000000e6380000,0x00000000e6380000,0x00000000e6d80000)
 ParOldGen       total 59392K, used 12944K [0x0000000080000000, 0x0000000083a00000, 0x00000000d5580000)
  object space 59392K, 21% used [0x0000000080000000,0x0000000080ca4108,0x0000000083a00000)
 Metaspace       used 28853K, capacity 29784K, committed 29952K, reserved 1075200K
  class space    used 3519K, capacity 3751K, committed 3840K, reserved 1048576K
Event: 13.787 GC heap after
Heap after GC invocations=9 (full 1):
 PSYoungGen      total 241152K, used 10230K [0x00000000d5580000, 0x00000000e6d80000, 0x0000000100000000)
  eden space 230912K, 0% used [0x00000000d5580000,0x00000000d5580000,0x00000000e3700000)
  from space 10240K, 99% used [0x00000000e6380000,0x00000000e6d7da48,0x00000000e6d80000)
  to   space 13312K, 0% used [0x00000000e5380000,0x00000000e5380000,0x00000000e6080000)
 ParOldGen       total 59392K, used 16681K [0x0000000080000000, 0x0000000083a00000, 0x00000000d5580000)
  object space 59392K, 28% used [0x0000000080000000,0x000000008104a5f0,0x0000000083a00000)
 Metaspace       used 28853K, capacity 29784K, committed 29952K, reserved 1075200K
  class space    used 3519K, capacity 3751K, committed 3840K, reserved 1048576K
}

Deoptimization events (10 events):
Event: 16.534 Thread 0x0000000002801000 Uncommon trap: reason=class_check action=maybe_recompile pc=0x000000000349f4c0 method=java.lang.AbstractStringBuilder.append(Ljava/lang/CharSequence;)Ljava/lang/AbstractStringBuilder; @ 26
Event: 16.534 Thread 0x0000000002801000 Uncommon trap: reason=class_check action=maybe_recompile pc=0x0000000003462098 method=java.lang.AbstractStringBuilder.append(Ljava/lang/CharSequence;II)Ljava/lang/AbstractStringBuilder; @ 18
Event: 16.534 Thread 0x0000000002801000 Uncommon trap: reason=class_check action=maybe_recompile pc=0x000000000349f4c0 method=java.lang.AbstractStringBuilder.append(Ljava/lang/CharSequence;)Ljava/lang/AbstractStringBuilder; @ 26
Event: 16.534 Thread 0x0000000002801000 Uncommon trap: reason=class_check action=maybe_recompile pc=0x0000000003462098 method=java.lang.AbstractStringBuilder.append(Ljava/lang/CharSequence;II)Ljava/lang/AbstractStringBuilder; @ 18
Event: 16.535 Thread 0x0000000002801000 Uncommon trap: reason=bimorphic action=maybe_recompile pc=0x00000000033e244c method=java.util.regex.Pattern$Curly.match(Ljava/util/regex/Matcher;ILjava/lang/CharSequence;)Z @ 19
Event: 16.535 Thread 0x0000000002801000 Uncommon trap: reason=bimorphic action=maybe_recompile pc=0x00000000033e244c method=java.util.regex.Pattern$Curly.match(Ljava/util/regex/Matcher;ILjava/lang/CharSequence;)Z @ 19
Event: 16.535 Thread 0x0000000002801000 Uncommon trap: reason=bimorphic action=maybe_recompile pc=0x00000000033e244c method=java.util.regex.Pattern$Curly.match(Ljava/util/regex/Matcher;ILjava/lang/CharSequence;)Z @ 19
Event: 16.535 Thread 0x0000000002801000 Uncommon trap: reason=bimorphic action=maybe_recompile pc=0x00000000033e244c method=java.util.regex.Pattern$Curly.match(Ljava/util/regex/Matcher;ILjava/lang/CharSequence;)Z @ 19
Event: 16.653 Thread 0x0000000002801000 Uncommon trap: reason=unstable_if action=reinterpret pc=0x00000000034a8cd8 method=java.lang.Character.isHighSurrogate(C)Z @ 3
Event: 16.653 Thread 0x0000000002801000 Uncommon trap: reason=unstable_if action=reinterpret pc=0x0000000002a84918 method=sun.nio.cs.UTF_8$Encoder.encode([CII[B)I @ 33

Classes redefined (0 events):
No events

Internal exceptions (10 events):
Event: 16.554 Thread 0x0000000002801000 Exception <a 'java/lang/ClassNotFoundException': com/kms/katalon/core/webui/keyword/builtin/SendKeysKeywordCustomizer> (0x00000000da42e170) thrown at [C:\re\workspace\8-2-build-windows-amd64-cygwin\jdk8u181\11358\hotspot\src\share\vm\classfile\systemDicti
Event: 16.564 Thread 0x0000000002801000 Exception <a 'java/lang/ClassNotFoundException': org/apache/commons/lang/ObjectUtilsBeanInfo> (0x00000000da4c77f8) thrown at [C:\re\workspace\8-2-build-windows-amd64-cygwin\jdk8u181\11358\hotspot\src\share\vm\classfile\systemDictionary.cpp, line 210]
Event: 16.566 Thread 0x0000000002801000 Exception <a 'java/lang/ClassNotFoundException': org/apache/commons/lang/ObjectUtilsCustomizer> (0x00000000da509920) thrown at [C:\re\workspace\8-2-build-windows-amd64-cygwin\jdk8u181\11358\hotspot\src\share\vm\classfile\systemDictionary.cpp, line 210]
Event: 16.586 Thread 0x0000000002801000 Exception <a 'java/net/SocketTimeoutException': Read timed out> (0x00000000da592af0) thrown at [C:\re\workspace\8-2-build-windows-amd64-cygwin\jdk8u181\11358\hotspot\src\share\vm\prims\jni.cpp, line 735]
Event: 16.617 Thread 0x0000000002801000 Exception <a 'java/lang/NoSuchMethodError': java.lang.Object.lambda$comparingInt$7b0bb60$1(Ljava/util/function/ToIntFunction;Ljava/lang/Object;Ljava/lang/Object;)I> (0x00000000da5be688) thrown at [C:\re\workspace\8-2-build-windows-amd64-cygwin\jdk8u181\11
Event: 16.622 Thread 0x0000000002801000 Exception <a 'java/lang/NoSuchMethodError': java.lang.Object.lambda$comparing$77a9974f$1(Ljava/util/function/Function;Ljava/lang/Object;Ljava/lang/Object;)I> (0x00000000da5eb250) thrown at [C:\re\workspace\8-2-build-windows-amd64-cygwin\jdk8u181\11358\hot
Event: 16.626 Thread 0x0000000002801000 Exception <a 'java/lang/reflect/InvocationTargetException'> (0x00000000da60f6c8) thrown at [C:\re\workspace\8-2-build-windows-amd64-cygwin\jdk8u181\11358\hotspot\src\share\vm\runtime\reflection.cpp, line 1092]
Event: 16.633 Thread 0x0000000002801000 Exception <a 'java/net/SocketTimeoutException': Read timed out> (0x00000000da61b3f0) thrown at [C:\re\workspace\8-2-build-windows-amd64-cygwin\jdk8u181\11358\hotspot\src\share\vm\prims\jni.cpp, line 735]
Event: 16.651 Thread 0x0000000002801000 Exception <a 'java/lang/NoSuchMethodError': java.lang.Object.of(Ljava/lang/Object;)Ljava/util/stream/Stream;> (0x00000000da67c190) thrown at [C:\re\workspace\8-2-build-windows-amd64-cygwin\jdk8u181\11358\hotspot\src\share\vm\interpreter\linkResolver.cpp, 
Event: 16.655 Thread 0x0000000002801000 Exception <a 'java/net/SocketTimeoutException': Read timed out> (0x00000000da6a5428) thrown at [C:\re\workspace\8-2-build-windows-amd64-cygwin\jdk8u181\11358\hotspot\src\share\vm\prims\jni.cpp, line 735]

Events (10 events):
Event: 16.652 loading class java/util/stream/Streams$StreamBuilderImpl done
Event: 16.653 Thread 0x0000000002801000 Uncommon trap: trap_request=0xffffff65 fr.pc=0x00000000034a8cd8
Event: 16.653 Thread 0x0000000002801000 DEOPT PACKING pc=0x00000000034a8cd8 sp=0x00000000027ed110
Event: 16.653 Thread 0x0000000002801000 DEOPT UNPACKING pc=0x000000000293583b sp=0x00000000027ecff0 mode 2
Event: 16.653 Thread 0x0000000002801000 Uncommon trap: trap_request=0xffffff65 fr.pc=0x0000000002a84918
Event: 16.653 Thread 0x0000000002801000 DEOPT PACKING pc=0x0000000002a84918 sp=0x00000000027ed150
Event: 16.653 Thread 0x0000000002801000 DEOPT UNPACKING pc=0x000000000293583b sp=0x00000000027ed0e8 mode 2
Event: 16.670 Executing VM operation: RevokeBias
Event: 16.670 Executing VM operation: RevokeBias done
Event: 16.670 Thread 0x000000001ba3b000 Thread exited: 0x000000001ba3b000


Dynamic libraries:
0x00007ff7f5e30000 - 0x00007ff7f5e67000 	C:\Users\kvylegzhanin\Downloads\Katalon_Studio_Windows_64-7.1.1\Katalon_Studio_Windows_64-7.1.1\jre\bin\javaw.exe
0x00007ff9a9c00000 - 0x00007ff9a9df0000 	C:\WINDOWS\SYSTEM32\ntdll.dll
0x00007ff9a9490000 - 0x00007ff9a9542000 	C:\WINDOWS\System32\KERNEL32.DLL
0x00007ff9a76b0000 - 0x00007ff9a7953000 	C:\WINDOWS\System32\KERNELBASE.dll
0x00007ff9a49b0000 - 0x00007ff9a4a3f000 	C:\WINDOWS\SYSTEM32\apphelp.dll
0x00007ff9a8430000 - 0x00007ff9a84d3000 	C:\WINDOWS\System32\ADVAPI32.dll
0x00007ff9a8360000 - 0x00007ff9a83fe000 	C:\WINDOWS\System32\msvcrt.dll
0x00007ff9a9290000 - 0x00007ff9a9327000 	C:\WINDOWS\System32\sechost.dll
0x00007ff9a9110000 - 0x00007ff9a9230000 	C:\WINDOWS\System32\RPCRT4.dll
0x00007ff9a8650000 - 0x00007ff9a87e4000 	C:\WINDOWS\System32\USER32.dll
0x00007ff9a7580000 - 0x00007ff9a75a1000 	C:\WINDOWS\System32\win32u.dll
0x00007ff9a8620000 - 0x00007ff9a8646000 	C:\WINDOWS\System32\GDI32.dll
0x00007ff9a73e0000 - 0x00007ff9a7574000 	C:\WINDOWS\System32\gdi32full.dll
0x00007ff9a7960000 - 0x00007ff9a79fe000 	C:\WINDOWS\System32\msvcp_win.dll
0x00007ff9a75b0000 - 0x00007ff9a76aa000 	C:\WINDOWS\System32\ucrtbase.dll
0x00007ff998210000 - 0x00007ff998495000 	C:\WINDOWS\WinSxS\amd64_microsoft.windows.common-controls_6595b64144ccf1df_6.0.18362.476_none_e6c4b11b130f2595\COMCTL32.dll
0x00007ff9a9740000 - 0x00007ff9a9a76000 	C:\WINDOWS\System32\combase.dll
0x00007ff9a7360000 - 0x00007ff9a73e0000 	C:\WINDOWS\System32\bcryptPrimitives.dll
0x00007ff9a7ec0000 - 0x00007ff9a7eee000 	C:\WINDOWS\System32\IMM32.DLL
0x00000000554d0000 - 0x00000000555a2000 	C:\Users\kvylegzhanin\Downloads\Katalon_Studio_Windows_64-7.1.1\Katalon_Studio_Windows_64-7.1.1\jre\bin\msvcr100.dll
0x0000000055850000 - 0x00000000560f2000 	C:\Users\kvylegzhanin\Downloads\Katalon_Studio_Windows_64-7.1.1\Katalon_Studio_Windows_64-7.1.1\jre\bin\server\jvm.dll
0x00007ff9a7e50000 - 0x00007ff9a7e58000 	C:\WINDOWS\System32\PSAPI.DLL
0x00007ff9a4bf0000 - 0x00007ff9a4c14000 	C:\WINDOWS\SYSTEM32\WINMM.dll
0x00007ff9956f0000 - 0x00007ff9956f9000 	C:\WINDOWS\SYSTEM32\WSOCK32.dll
0x00007ff9a0810000 - 0x00007ff9a081a000 	C:\WINDOWS\SYSTEM32\VERSION.dll
0x00007ff9a9620000 - 0x00007ff9a968f000 	C:\WINDOWS\System32\WS2_32.dll
0x00007ff9a4bc0000 - 0x00007ff9a4bed000 	C:\WINDOWS\SYSTEM32\WINMMBASE.dll
0x00007ff9a7310000 - 0x00007ff9a735a000 	C:\WINDOWS\System32\cfgmgr32.dll
0x0000000055840000 - 0x000000005584f000 	C:\Users\kvylegzhanin\Downloads\Katalon_Studio_Windows_64-7.1.1\Katalon_Studio_Windows_64-7.1.1\jre\bin\verify.dll
0x0000000055810000 - 0x0000000055839000 	C:\Users\kvylegzhanin\Downloads\Katalon_Studio_Windows_64-7.1.1\Katalon_Studio_Windows_64-7.1.1\jre\bin\java.dll
0x00000000557f0000 - 0x0000000055806000 	C:\Users\kvylegzhanin\Downloads\Katalon_Studio_Windows_64-7.1.1\Katalon_Studio_Windows_64-7.1.1\jre\bin\zip.dll
0x00007ff9a89a0000 - 0x00007ff9a9085000 	C:\WINDOWS\System32\SHELL32.dll
0x00007ff9a9690000 - 0x00007ff9a9739000 	C:\WINDOWS\System32\shcore.dll
0x00007ff9a6b90000 - 0x00007ff9a730e000 	C:\WINDOWS\System32\windows.storage.dll
0x00007ff9a6ae0000 - 0x00007ff9a6aff000 	C:\WINDOWS\System32\profapi.dll
0x00007ff9a6b40000 - 0x00007ff9a6b8a000 	C:\WINDOWS\System32\powrprof.dll
0x00007ff9a6ad0000 - 0x00007ff9a6ae0000 	C:\WINDOWS\System32\UMPDC.dll
0x00007ff9a7d60000 - 0x00007ff9a7db2000 	C:\WINDOWS\System32\shlwapi.dll
0x00007ff9a6b20000 - 0x00007ff9a6b31000 	C:\WINDOWS\System32\kernel.appcore.dll
0x00007ff9a7ab0000 - 0x00007ff9a7ac7000 	C:\WINDOWS\System32\cryptsp.dll
0x00000000557d0000 - 0x00000000557ea000 	C:\Users\kvylegzhanin\Downloads\Katalon_Studio_Windows_64-7.1.1\Katalon_Studio_Windows_64-7.1.1\jre\bin\net.dll
0x00007ff9a6340000 - 0x00007ff9a63a7000 	C:\WINDOWS\system32\mswsock.dll
0x00000000557b0000 - 0x00000000557c1000 	C:\Users\kvylegzhanin\Downloads\Katalon_Studio_Windows_64-7.1.1\Katalon_Studio_Windows_64-7.1.1\jre\bin\nio.dll
0x00007ff9a6090000 - 0x00007ff9a615a000 	C:\WINDOWS\SYSTEM32\DNSAPI.dll
0x00007ff9a7e40000 - 0x00007ff9a7e48000 	C:\WINDOWS\System32\NSI.dll
0x00007ff9a6050000 - 0x00007ff9a608a000 	C:\WINDOWS\SYSTEM32\IPHLPAPI.DLL
0x00007ff9a09c0000 - 0x00007ff9a09ca000 	C:\Windows\System32\rasadhlp.dll
0x00007ff9a2d70000 - 0x00007ff9a2de7000 	C:\WINDOWS\System32\fwpuclnt.dll
0x00007ff9a7c20000 - 0x00007ff9a7c46000 	C:\WINDOWS\System32\bcrypt.dll
0x0000000055760000 - 0x0000000055784000 	C:\Users\kvylegzhanin\Downloads\Katalon_Studio_Windows_64-7.1.1\Katalon_Studio_Windows_64-7.1.1\jre\bin\sunec.dll
0x0000000055750000 - 0x000000005575b000 	C:\Users\kvylegzhanin\Downloads\Katalon_Studio_Windows_64-7.1.1\Katalon_Studio_Windows_64-7.1.1\jre\bin\sunmscapi.dll
0x00007ff9a7ad0000 - 0x00007ff9a7c19000 	C:\WINDOWS\System32\CRYPT32.dll
0x00007ff9a6b00000 - 0x00007ff9a6b12000 	C:\WINDOWS\System32\MSASN1.dll
0x00007ff9a2d00000 - 0x00007ff9a2d16000 	C:\WINDOWS\SYSTEM32\dhcpcsvc6.DLL
0x00007ff9a2ca0000 - 0x00007ff9a2cbc000 	C:\WINDOWS\SYSTEM32\dhcpcsvc.DLL
0x00007ff9a5e50000 - 0x00007ff9a5e83000 	C:\WINDOWS\system32\rsaenh.dll
0x00007ff9a69c0000 - 0x00007ff9a69e5000 	C:\WINDOWS\SYSTEM32\USERENV.dll
0x00007ff9a6510000 - 0x00007ff9a651c000 	C:\WINDOWS\SYSTEM32\CRYPTBASE.dll
0x00007ff999d60000 - 0x00007ff999d76000 	C:\WINDOWS\system32\napinsp.dll
0x00007ff999d80000 - 0x00007ff999d9a000 	C:\WINDOWS\system32\pnrpnsp.dll
0x00007ff999da0000 - 0x00007ff999dae000 	C:\WINDOWS\System32\winrnr.dll
0x00007ff9a40f0000 - 0x00007ff9a410c000 	C:\WINDOWS\system32\NLAapi.dll
0x00007ff999db0000 - 0x00007ff999dc5000 	C:\WINDOWS\system32\wshbth.dll

VM Arguments:
jvm_args: -Dgroovy.home=/C:/Users/kvylegzhanin/Downloads/Katalon_Studio_Windows_64-7.1.1/Katalon_Studio_Windows_64-7.1.1/plugins/org.codehaus.groovy_2.4.7.xx-201611170128-e46/ -Xmx2048m -Dfile.encoding=UTF-8 
java_command: org.codehaus.groovy.tools.GroovyStarter --classpath C:\Users\kvylegzhanin\Katalon Studio\PG_03_12\Include\scripts\groovy;C:\Users\kvylegzhanin\Katalon Studio\PG_03_12\Keywords;C:\Users\kvylegzhanin\Katalon Studio\PG_03_12\Libs;C:\Users\kvylegzhanin\Katalon Studio\PG_03_12\Test Listeners;C:\Users\kvylegzhanin\Downloads\Katalon_Studio_Windows_64-7.1.1\Katalon_Studio_Windows_64-7.1.1\configuration\resources\lib\aalto-xml-1.0.0.jar;C:\Users\kvylegzhanin\Downloads\Katalon_Studio_Windows_64-7.1.1\Katalon_Studio_Windows_64-7.1.1\configuration\resources\lib\aspectjweaver-1.9.1.jar;C:\Users\kvylegzhanin\Downloads\Katalon_Studio_Windows_64-7.1.1\Katalon_Studio_Windows_64-7.1.1\configuration\resources\lib\bcpkix-jdk15on-1.58.jar;C:\Users\kvylegzhanin\Downloads\Katalon_Studio_Windows_64-7.1.1\Katalon_Studio_Windows_64-7.1.1\configuration\resources\lib\bcprov-jdk15on-1.58.jar;C:\Users\kvylegzhanin\Downloads\Katalon_Studio_Windows_64-7.1.1\Katalon_Studio_Windows_64-7.1.1\configuration\resources\lib\browsermob-core-2.1.5.jar;C:\Users\kvylegzhanin\Downloads\Katalon_Studio_Windows_64-7.1.1\Katalon_Studio_Windows_64-7.1.1\configuration\resources\lib\cglib-3.2.10.jar;C:\Users\kvylegzhanin\Downloads\Katalon_Studio_Windows_64-7.1.1\Katalon_Studio_Windows_64-7.1.1\configuration\resources\lib\commons-codec-1.10.jar;C:\Users\kvylegzhanin\Downloads\Katalon_Studio_Windows_64-7.1.1\Katalon_Studio_Windows_64-7.1.1\configuration\resources\lib\commons-collections4-4.1.jar;C:\Users\kvylegzhanin\Downloads\Katalon_Studio_Windows_64-7.1.1\Katalon_Studio_Windows_64-7.1.1\configuration\resources\lib\commons-validator-1.6.jar;C:\Users\kvylegzhanin\Downloads\Katalon_Studio_Windows_64-7.1.1\Katalon_Studio_Windows_64-7.1.1\configuration\resources\lib\curvesapi-1.04.jar;C:\Users\kvylegzhanin\Downloads\Katalon_Studio_Windows_64-7.1.1\Katalon_Studio_Windows_64-7.1.1\configuration\resources\lib\dnsjava-2.1.8.jar;C:\Users\kvylegzhanin\Downloads\Katalon_Studio_Windows_64-7.1.1\Katalon_Studio_Win
java_class_path (initial): C:\Users\kvylegzhanin\Katalon Studio\PG_03_12\bin\keyword;C:\Users\kvylegzhanin\Katalon Studio\PG_03_12\bin\listener;C:\Users\kvylegzhanin\Katalon Studio\PG_03_12\bin\lib;C:\Users\kvylegzhanin\Katalon Studio\PG_03_12\bin\groovy;C:\Users\kvylegzhanin\Katalon Studio\PG_03_12\bin;C:\Users\kvylegzhanin\Downloads\Katalon_Studio_Windows_64-7.1.1\Katalon_Studio_Windows_64-7.1.1\plugins\com.kms.katalon.core_1.0.0.201912030321.jar;C:\Users\kvylegzhanin\Downloads\Katalon_Studio_Windows_64-7.1.1\Katalon_Studio_Windows_64-7.1.1\configuration\resources\lib\aalto-xml-1.0.0.jar;C:\Users\kvylegzhanin\Downloads\Katalon_Studio_Windows_64-7.1.1\Katalon_Studio_Windows_64-7.1.1\configuration\resources\lib\aspectjweaver-1.9.1.jar;C:\Users\kvylegzhanin\Downloads\Katalon_Studio_Windows_64-7.1.1\Katalon_Studio_Windows_64-7.1.1\configuration\resources\lib\bcpkix-jdk15on-1.58.jar;C:\Users\kvylegzhanin\Downloads\Katalon_Studio_Windows_64-7.1.1\Katalon_Studio_Windows_64-7.1.1\configuration\resources\lib\bcprov-jdk15on-1.58.jar;C:\Users\kvylegzhanin\Downloads\Katalon_Studio_Windows_64-7.1.1\Katalon_Studio_Windows_64-7.1.1\configuration\resources\lib\browsermob-core-2.1.5.jar;C:\Users\kvylegzhanin\Downloads\Katalon_Studio_Windows_64-7.1.1\Katalon_Studio_Windows_64-7.1.1\configuration\resources\lib\cglib-3.2.10.jar;C:\Users\kvylegzhanin\Downloads\Katalon_Studio_Windows_64-7.1.1\Katalon_Studio_Windows_64-7.1.1\configuration\resources\lib\commons-codec-1.10.jar;C:\Users\kvylegzhanin\Downloads\Katalon_Studio_Windows_64-7.1.1\Katalon_Studio_Windows_64-7.1.1\configuration\resources\lib\commons-collections4-4.1.jar;C:\Users\kvylegzhanin\Downloads\Katalon_Studio_Windows_64-7.1.1\Katalon_Studio_Windows_64-7.1.1\configuration\resources\lib\commons-validator-1.6.jar;C:\Users\kvylegzhanin\Downloads\Katalon_Studio_Windows_64-7.1.1\Katalon_Studio_Windows_64-7.1.1\configuration\resources\lib\curvesapi-1.04.jar;C:\Users\kvylegzhanin\Downloads\Katalon_Studio_Windows_64-7.1.1\Katalon_S
Launcher Type: SUN_STANDARD

Environment Variables:
PATH=C:/Users/kvylegzhanin/Downloads/Katalon_Studio_Windows_64-7.1.1/Katalon_Studio_Windows_64-7.1.1/jre/bin/server;C:/Users/kvylegzhanin/Downloads/Katalon_Studio_Windows_64-7.1.1/Katalon_Studio_Windows_64-7.1.1/jre/bin;C:/Users/kvylegzhanin/Downloads/Katalon_Studio_Windows_64-7.1.1/Katalon_Studio_Windows_64-7.1.1/jre/lib/amd64;C:\Program Files (x86)\Common Files\Oracle\Java\javapath;C:\WINDOWS\system32;C:\WINDOWS;C:\WINDOWS\System32\Wbem;C:\WINDOWS\System32\WindowsPowerShell\v1.0\;C:\WINDOWS\System32\OpenSSH\;C:\Program Files (x86)\Microsoft SQL Server\150\DTS\Binn\;C:\Users\kvylegzhanin\AppData\Local\Microsoft\WindowsApps;;C:\Users\kvylegzhanin\Downloads\Katalon_Studio_Windows_64-7.1.1\Katalon_Studio_Windows_64-7.1.1;
USERNAME=kvylegzhanin
OS=Windows_NT
PROCESSOR_IDENTIFIER=Intel64 Family 6 Model 94 Stepping 3, GenuineIntel



---------------  S Y S T E M  ---------------

OS: Windows 10.0 , 64 bit Build 18362 (10.0.18362.329)

CPU:total 4 (initial active 4) (2 cores per cpu, 2 threads per core) family 6 model 94 stepping 3, cmov, cx8, fxsr, mmx, sse, sse2, sse3, ssse3, sse4.1, sse4.2, popcnt, avx, avx2, aes, clmul, erms, 3dnowpref, lzcnt, ht, tsc, tscinvbit, bmi1, bmi2, adx

Memory: 4k page, physical 8267876k(2169060k free), swap 22817760k(5028k free)

vm_info: Java HotSpot(TM) 64-Bit Server VM (25.181-b13) for windows-amd64 JRE (1.8.0_181-b13), built on Jul  7 2018 04:01:33 by "java_re" with MS VC++ 10.0 (VS2010)

time: Fri Dec 06 17:25:18 2019
elapsed time: 16 seconds (0d 0h 0m 16s)

